(*
NPOU: 37
*)
FB	Y_POS_CHANGE
FB	COACH
FB	FWD
FB	FWD_LOGIC
FB	MIDD
FB	MID_LOGIC
FB	DEF
FB	DEF_LOGIC
FB	GOL
FB	GOL_LOGIC
FB	PLAYER_ACTIONS
FB	PLAYER_ACTION_MUX
FB	PLAYER_SHOOT
FB	PLAYER_CATCH
FB	PLAYER_DEFEND
FB	PLAYER_PASS
FB	PLAYER_SWING
FB	SWING_LOGIC
FB	KICK_FUN
FB	ROT_TORQUE_MONITOR
PG	ALL_ROD_INFO
FB	SINGLE_ROD_TRANSLATION
FB	X_POSITION_LOGIC
PG	Ball_Position_Logic
FB	TWO_MAN_DEF
FB	ROD_INFORMATION
FB	HOME_ROD
FB	HOME_RODS
FB	ZERO_ROD
FB	ZERO_RODS
FB	ENABLE_ROD
FB	ENABLE_RODS
PG	Initialize
PG	IO
PG	Main
PG	HMI
FB	SET_ROT_ANGLE
